[35mdocs:build: [0mcache hit, replaying output [2m2e7ebbef755df8b9[0m
[35mdocs:build: [0m$ next build
[35mdocs:build: [0minfo  - Checking validity of types...
[35mdocs:build: [0mwarn  - No ESLint configuration detected. Run next lint to begin setup
[35mdocs:build: [0minfo  - Creating an optimized production build...
[35mdocs:build: [0minfo  - Compiled successfully
[35mdocs:build: [0minfo  - Collecting page data...
[35mdocs:build: [0minfo  - Generating static pages (0/3)
[35mdocs:build: [0minfo  - Generating static pages (3/3)
[35mdocs:build: [0minfo  - Finalizing page optimization...
[35mdocs:build: [0m
[35mdocs:build: [0mPage                                       Size     First Load JS
[35mdocs:build: [0m┌ ○ /                                      60.3 kB         130 kB
[35mdocs:build: [0m├   /_app                                  0 B            70.2 kB
[35mdocs:build: [0m└ ○ /404                                   193 B          70.4 kB
[35mdocs:build: [0m+ First Load JS shared by all              70.2 kB
[35mdocs:build: [0m  ├ chunks/framework-c4190dd27fdc6a34.js   42 kB
[35mdocs:build: [0m  ├ chunks/main-0b2bde9a15aef57f.js        26.9 kB
[35mdocs:build: [0m  ├ chunks/pages/_app-20ffec3d4942249a.js  496 B
[35mdocs:build: [0m  ├ chunks/webpack-d7b038a63b619762.js     771 B
[35mdocs:build: [0m  └ css/8c39ce3456376cb7.css               5.27 kB
[35mdocs:build: [0m
[35mdocs:build: [0m○  (Static)  automatically rendered as static HTML (uses no initial props)
[35mdocs:build: [0m
