[32mdemo:build: [0mcache hit, replaying output [2m9600e4eed3dfbee3[0m
[32mdemo:build: [0m$ next build
[32mdemo:build: [0minfo  - Skipping validation of types...
[32mdemo:build: [0mwarn  - No ESLint configuration detected. Run next lint to begin setup
[32mdemo:build: [0minfo  - Creating an optimized production build...
[32mdemo:build: [0minfo  - Compiled successfully
[32mdemo:build: [0minfo  - Collecting page data...
[32mdemo:build: [0minfo  - Generating static pages (0/3)
[32mdemo:build: [0minfo  - Generating static pages (3/3)
[32mdemo:build: [0minfo  - Finalizing page optimization...
[32mdemo:build: [0m
[32mdemo:build: [0mPage                                       Size     First Load JS
[32mdemo:build: [0m┌ ○ /                                      6.57 kB        77.6 kB
[32mdemo:build: [0m├   └ css/5b954d5a81dc4cec.css             1.21 kB
[32mdemo:build: [0m├   /_app                                  0 B            71.1 kB
[32mdemo:build: [0m├ ○ /404                                   193 B          71.2 kB
[32mdemo:build: [0m├ λ /api/hello                             0 B            71.1 kB
[32mdemo:build: [0m└ λ /api/translate                         0 B            71.1 kB
[32mdemo:build: [0m+ First Load JS shared by all              71.1 kB
[32mdemo:build: [0m  ├ chunks/framework-71b7ac9748a53568.js   42 kB
[32mdemo:build: [0m  ├ chunks/main-c79b3129b11b860f.js        26.9 kB
[32mdemo:build: [0m  ├ chunks/pages/_app-34ce1c2170287fb3.js  1.35 kB
[32mdemo:build: [0m  ├ chunks/webpack-69bfa6990bb9e155.js     769 B
[32mdemo:build: [0m  └ css/27d177a30947857b.css               194 B
[32mdemo:build: [0m
[32mdemo:build: [0mλ  (Server)  server-side renders at runtime (uses getInitialProps or getServerSideProps)
[32mdemo:build: [0m○  (Static)  automatically rendered as static HTML (uses no initial props)
[32mdemo:build: [0m
